---
  0 debug pnpm:scope: 
    selected: 1
    workspacePrefix: null
  1 debug pnpm:package-json: 
    initial: 
      name: "my-app"
      version: "0.1.0"
      private: true
      dependencies: 
        @zeit/next-css: "^1.0.1"
        chai: "^4.2.0"
        create-react-class: "^15.6.3"
        express: "^4.16.4"
        express-validator: "^5.3.1"
        firebase: "^5.7.3"
        firebase-admin: "^7.3.0"
        firebase-tools: "^6.2.2"
        immutable: "^4.0.0-rc.12"
        immutablediff: "^0.4.4"
        immutablepatch: "^0.5.0"
        next: "^8.1.0"
        next-redux-wrapper: "^3.0.0-alpha.2"
        react: "^16.8.1"
        react-bootstrap: "^1.0.0-beta.9"
        react-cookie: "^3.1.1"
        react-datepicker: "^2.3.0"
        react-dom: "^16.8.1"
        react-firebaseui: "^3.1.2"
        react-redux: "^7.1.0"
        redux: "^4.0.1"
        redux-dynamic-modules: "^5.0.1"
        redux-dynamic-modules-thunk: "^5.0.1"
        redux-thunk: "^2.3.0"
        semantic-ui-calendar-react: "^0.14.4"
        semantic-ui-react: "^0.86.0"
        survey-react: "^1.0.92"
        universal-cookie: "^3.1.0"
        universal-cookie-express: "^3.1.0"
      scripts: 
        dev: "node server.js"
        build: "next build"
        start: "next start"
      eslintConfig: 
        extends: "react-app"
      browserslist: 
        - ">0.2%"
        - "not dead"
        - "not ie <= 9"
        - "not op_mini all"
      devDependencies: 
        eslint: "^5.15.3"
        eslint-plugin-react: "^7.12.4"
      gitHead: "a388c494cc9d73d9c9d394c371d257ce3999ec34"
      readme: "ERROR: No README data found!"
      _id: "my-app@0.1.0"
    prefix: "C:\\Users\\Danny\\Documents\\web_projects\\qiapp"
  2 error pnpm: 
    message: 
      code: "MODIFIED_DEPENDENCY"
      modified: 
        - "C:\\Users\\Danny\\.pnpm-store\\2\\registry.npmjs.org\\@babel\\plugin-proposal-async-generator-functions\\7.2.0\\@babel!core@7.1.2"
        - "C:\\Users\\Danny\\.pnpm-store\\2\\registry.npmjs.org\\@babel\\plugin-proposal-class-properties\\7.1.0\\@babel!core@7.1.2"
        - "C:\\Users\\Danny\\.pnpm-store\\2\\registry.npmjs.org\\@babel\\plugin-proposal-json-strings\\7.2.0\\@babel!core@7.1.2"
        - "C:\\Users\\Danny\\.pnpm-store\\2\\registry.npmjs.org\\@babel\\plugin-proposal-object-rest-spread\\7.0.0\\@babel!core@7.1.2"
        - "C:\\Users\\Danny\\.pnpm-store\\2\\registry.npmjs.org\\@babel\\plugin-proposal-object-rest-spread\\7.5.5\\@babel!core@7.1.2"
        - "C:\\Users\\Danny\\.pnpm-store\\2\\registry.npmjs.org\\@babel\\plugin-proposal-optional-catch-binding\\7.2.0\\@babel!core@7.1.2"
        - "C:\\Users\\Danny\\.pnpm-store\\2\\registry.npmjs.org\\@babel\\plugin-proposal-unicode-property-regex\\7.4.4\\@babel!core@7.1.2"
        - "C:\\Users\\Danny\\.pnpm-store\\2\\registry.npmjs.org\\@babel\\plugin-syntax-async-generators\\7.2.0\\@babel!core@7.1.2"
        - "C:\\Users\\Danny\\.pnpm-store\\2\\registry.npmjs.org\\@babel\\plugin-syntax-class-properties\\7.2.0\\@babel!core@7.1.2"
        - "C:\\Users\\Danny\\.pnpm-store\\2\\registry.npmjs.org\\@babel\\plugin-syntax-dynamic-import\\7.0.0\\@babel!core@7.1.2"
        - "C:\\Users\\Danny\\.pnpm-store\\2\\registry.npmjs.org\\@babel\\plugin-syntax-json-strings\\7.2.0\\@babel!core@7.1.2"
        - "C:\\Users\\Danny\\.pnpm-store\\2\\registry.npmjs.org\\@babel\\plugin-syntax-jsx\\7.2.0\\@babel!core@7.1.2"
        - "C:\\Users\\Danny\\.pnpm-store\\2\\registry.npmjs.org\\@babel\\plugin-syntax-object-rest-spread\\7.2.0\\@babel!core@7.1.2"
        - "C:\\Users\\Danny\\.pnpm-store\\2\\registry.npmjs.org\\@babel\\plugin-syntax-optional-catch-binding\\7.2.0\\@babel!core@7.1.2"
        - "C:\\Users\\Danny\\.pnpm-store\\2\\registry.npmjs.org\\@babel\\plugin-transform-arrow-functions\\7.2.0\\@babel!core@7.1.2"
        - "C:\\Users\\Danny\\.pnpm-store\\2\\registry.npmjs.org\\@babel\\plugin-transform-async-to-generator\\7.5.0\\@babel!core@7.1.2"
        - "C:\\Users\\Danny\\.pnpm-store\\2\\registry.npmjs.org\\@babel\\plugin-transform-block-scoped-functions\\7.2.0\\@babel!core@7.1.2"
        - "C:\\Users\\Danny\\.pnpm-store\\2\\registry.npmjs.org\\@babel\\plugin-transform-block-scoping\\7.5.5\\@babel!core@7.1.2"
        - "C:\\Users\\Danny\\.pnpm-store\\2\\registry.npmjs.org\\@babel\\plugin-transform-classes\\7.5.5\\@babel!core@7.1.2"
        - "C:\\Users\\Danny\\.pnpm-store\\2\\registry.npmjs.org\\@babel\\plugin-transform-computed-properties\\7.2.0\\@babel!core@7.1.2"
        - "C:\\Users\\Danny\\.pnpm-store\\2\\registry.npmjs.org\\@babel\\plugin-transform-destructuring\\7.5.0\\@babel!core@7.1.2"
        - "C:\\Users\\Danny\\.pnpm-store\\2\\registry.npmjs.org\\@babel\\plugin-transform-dotall-regex\\7.4.4\\@babel!core@7.1.2"
        - "C:\\Users\\Danny\\.pnpm-store\\2\\registry.npmjs.org\\@babel\\plugin-transform-duplicate-keys\\7.5.0\\@babel!core@7.1.2"
        - "C:\\Users\\Danny\\.pnpm-store\\2\\registry.npmjs.org\\@babel\\plugin-transform-exponentiation-operator\\7.2.0\\@babel!core@7.1.2"
        - "C:\\Users\\Danny\\.pnpm-store\\2\\registry.npmjs.org\\@babel\\plugin-transform-for-of\\7.4.4\\@babel!core@7.1.2"
        - "C:\\Users\\Danny\\.pnpm-store\\2\\registry.npmjs.org\\@babel\\plugin-transform-function-name\\7.4.4\\@babel!core@7.1.2"
        - "C:\\Users\\Danny\\.pnpm-store\\2\\registry.npmjs.org\\@babel\\plugin-transform-literals\\7.2.0\\@babel!core@7.1.2"
        - "C:\\Users\\Danny\\.pnpm-store\\2\\registry.npmjs.org\\@babel\\plugin-transform-modules-amd\\7.5.0\\@babel!core@7.1.2"
        - "C:\\Users\\Danny\\.pnpm-store\\2\\registry.npmjs.org\\@babel\\plugin-transform-modules-commonjs\\7.1.0\\@babel!core@7.1.2"
        - "C:\\Users\\Danny\\.pnpm-store\\2\\registry.npmjs.org\\@babel\\plugin-transform-modules-commonjs\\7.5.0\\@babel!core@7.1.2"
        - "C:\\Users\\Danny\\.pnpm-store\\2\\registry.npmjs.org\\@babel\\plugin-transform-modules-systemjs\\7.5.0\\@babel!core@7.1.2"
        - "C:\\Users\\Danny\\.pnpm-store\\2\\registry.npmjs.org\\@babel\\plugin-transform-modules-umd\\7.2.0\\@babel!core@7.1.2"
        - "C:\\Users\\Danny\\.pnpm-store\\2\\registry.npmjs.org\\@babel\\plugin-transform-new-target\\7.4.4\\@babel!core@7.1.2"
        - "C:\\Users\\Danny\\.pnpm-store\\2\\registry.npmjs.org\\@babel\\plugin-transform-object-super\\7.5.5\\@babel!core@7.1.2"
        - "C:\\Users\\Danny\\.pnpm-store\\2\\registry.npmjs.org\\@babel\\plugin-transform-parameters\\7.4.4\\@babel!core@7.1.2"
        - "C:\\Users\\Danny\\.pnpm-store\\2\\registry.npmjs.org\\@babel\\plugin-transform-react-display-name\\7.2.0\\@babel!core@7.1.2"
        - "C:\\Users\\Danny\\.pnpm-store\\2\\registry.npmjs.org\\@babel\\plugin-transform-react-jsx-self\\7.2.0\\@babel!core@7.1.2"
        - "C:\\Users\\Danny\\.pnpm-store\\2\\registry.npmjs.org\\@babel\\plugin-transform-react-jsx-source\\7.5.0\\@babel!core@7.1.2"
        - "C:\\Users\\Danny\\.pnpm-store\\2\\registry.npmjs.org\\@babel\\plugin-transform-react-jsx\\7.3.0\\@babel!core@7.1.2"
        - "C:\\Users\\Danny\\.pnpm-store\\2\\registry.npmjs.org\\@babel\\plugin-transform-regenerator\\7.4.5\\@babel!core@7.1.2"
        - "C:\\Users\\Danny\\.pnpm-store\\2\\registry.npmjs.org\\@babel\\plugin-transform-runtime\\7.1.0\\@babel!core@7.1.2"
        - "C:\\Users\\Danny\\.pnpm-store\\2\\registry.npmjs.org\\@babel\\plugin-transform-shorthand-properties\\7.2.0\\@babel!core@7.1.2"
        - "C:\\Users\\Danny\\.pnpm-store\\2\\registry.npmjs.org\\@babel\\plugin-transform-spread\\7.2.2\\@babel!core@7.1.2"
        - "C:\\Users\\Danny\\.pnpm-store\\2\\registry.npmjs.org\\@babel\\plugin-transform-sticky-regex\\7.2.0\\@babel!core@7.1.2"
        - "C:\\Users\\Danny\\.pnpm-store\\2\\registry.npmjs.org\\@babel\\plugin-transform-template-literals\\7.4.4\\@babel!core@7.1.2"
        - "C:\\Users\\Danny\\.pnpm-store\\2\\registry.npmjs.org\\@babel\\plugin-transform-typeof-symbol\\7.2.0\\@babel!core@7.1.2"
        - "C:\\Users\\Danny\\.pnpm-store\\2\\registry.npmjs.org\\@babel\\plugin-transform-unicode-regex\\7.4.4\\@babel!core@7.1.2"
        - "C:\\Users\\Danny\\.pnpm-store\\2\\registry.npmjs.org\\@babel\\preset-env\\7.1.0\\@babel!core@7.1.2"
        - "C:\\Users\\Danny\\.pnpm-store\\2\\registry.npmjs.org\\@babel\\preset-react\\7.0.0\\@babel!core@7.1.2"
        - "C:\\Users\\Danny\\.pnpm-store\\2\\registry.npmjs.org\\@firebase\\auth\\0.10.2\\@firebase!app@0.3.17"
        - "C:\\Users\\Danny\\.pnpm-store\\2\\registry.npmjs.org\\@firebase\\database\\0.3.20\\@firebase!app@0.3.17"
        - "C:\\Users\\Danny\\.pnpm-store\\2\\registry.npmjs.org\\@firebase\\firestore\\1.2.2\\@firebase!app@0.3.17"
        - "C:\\Users\\Danny\\.pnpm-store\\2\\registry.npmjs.org\\@firebase\\functions\\0.4.6\\@firebase!app@0.3.17"
        - "C:\\Users\\Danny\\.pnpm-store\\2\\registry.npmjs.org\\@firebase\\installations\\0.1.0\\@firebase!app@0.3.17"
        - "C:\\Users\\Danny\\.pnpm-store\\2\\registry.npmjs.org\\@firebase\\messaging\\0.3.19\\@firebase!app@0.3.17"
        - "C:\\Users\\Danny\\.pnpm-store\\2\\registry.npmjs.org\\@firebase\\performance\\0.2.1\\@firebase!app@0.3.17"
        - "C:\\Users\\Danny\\.pnpm-store\\2\\registry.npmjs.org\\@firebase\\storage\\0.2.15\\@firebase!app@0.3.17"
        - "C:\\Users\\Danny\\.pnpm-store\\2\\registry.npmjs.org\\acorn-dynamic-import\\4.0.0\\acorn@6.3.0"
        - "C:\\Users\\Danny\\.pnpm-store\\2\\registry.npmjs.org\\acorn-jsx\\5.0.2\\acorn@6.3.0"
        - "C:\\Users\\Danny\\.pnpm-store\\2\\registry.npmjs.org\\ajv-errors\\1.0.1\\ajv@6.10.2"
        - "C:\\Users\\Danny\\.pnpm-store\\2\\registry.npmjs.org\\ajv-keywords\\3.4.1\\ajv@6.10.2"
        - "C:\\Users\\Danny\\.pnpm-store\\2\\registry.npmjs.org\\autodll-webpack-plugin\\0.4.2\\webpack@4.29.0"
        - "C:\\Users\\Danny\\.pnpm-store\\2\\registry.npmjs.org\\babel-core\\7.0.0-bridge.0\\@babel!core@7.1.2"
        - "C:\\Users\\Danny\\.pnpm-store\\2\\registry.npmjs.org\\babel-loader\\8.0.2\\@babel!core@7.1.2+webpack@4.29.0"
        - "C:\\Users\\Danny\\.pnpm-store\\2\\registry.npmjs.org\\create-react-context\\0.2.3\\prop-types@15.7.2"
        - "C:\\Users\\Danny\\.pnpm-store\\2\\registry.npmjs.org\\create-react-context\\0.3.0\\prop-types@15.7.2"
        - "C:\\Users\\Danny\\.pnpm-store\\2\\registry.npmjs.org\\react-ssr-prepass\\1.0.2\\react-is@16.8.6"
        - "C:\\Users\\Danny\\.pnpm-store\\2\\registry.npmjs.org\\stylis-rule-sheet\\0.0.10\\stylis@3.5.4"
        - "C:\\Users\\Danny\\.pnpm-store\\2\\registry.npmjs.org\\terser-webpack-plugin\\1.4.1\\webpack@4.29.0"
        - "C:\\Users\\Danny\\.pnpm-store\\2\\registry.npmjs.org\\webpack-dev-middleware\\3.6.0\\webpack@4.29.0"
        - "C:\\Users\\Danny\\.pnpm-store\\2\\registry.npmjs.org\\webpack\\4.29.0\\webpack@4.29.0"
    err: 
      name: "Error"
      message: ""
      code: "MODIFIED_DEPENDENCY"
      stack: "Error\n    at C:\\Users\\Danny\\AppData\\Roaming\\npm\\node_modules\\pnpm\\lib\\cmd\\store.js:79:15\n    at Generator.next (<anonymous>)\n    at fulfilled (C:\\Users\\Danny\\AppData\\Roaming\\npm\\node_modules\\pnpm\\lib\\cmd\\store.js:4:58)"
